  treetest.cpp
c:\users\ashra\source\repos\project2\project2\treetest.cpp(21): warning C4305: 'initializing': truncation from 'double' to 'float'
c:\users\ashra\source\repos\project2\project2\treetest.cpp(49): warning C4305: 'argument': truncation from 'double' to 'GLfloat'
c:\users\ashra\source\repos\project2\project2\treetest.cpp(52): warning C4244: '=': conversion from 'double' to 'GLfloat', possible loss of data
c:\users\ashra\source\repos\project2\project2\treetest.cpp(53): warning C4244: '=': conversion from 'double' to 'GLfloat', possible loss of data
c:\users\ashra\source\repos\project2\project2\treetest.cpp(54): warning C4244: '=': conversion from 'double' to 'GLfloat', possible loss of data
c:\users\ashra\source\repos\project2\project2\treetest.cpp(84): warning C4305: '=': truncation from 'double' to 'float'
c:\users\ashra\source\repos\project2\project2\treetest.cpp(97): warning C4305: 'argument': truncation from 'double' to 'GLfloat'
c:\users\ashra\source\repos\project2\project2\treetest.cpp(100): warning C4244: 'argument': conversion from 'double' to 'GLfloat', possible loss of data
c:\users\ashra\source\repos\project2\project2\treetest.cpp(166): warning C4305: 'argument': truncation from 'double' to 'GLfloat'
c:\users\ashra\source\repos\project2\project2\treetest.cpp(203): warning C4244: '=': conversion from 'double' to 'float', possible loss of data
c:\users\ashra\source\repos\project2\project2\treetest.cpp(306): warning C4305: 'argument': truncation from 'double' to 'GLfloat'
c:\users\ashra\source\repos\project2\project2\treetest.cpp(307): warning C4305: 'argument': truncation from 'double' to 'GLfloat'
c:\users\ashra\source\repos\project2\project2\treetest.cpp(346): warning C4305: 'argument': truncation from 'double' to 'GLfloat'
c:\users\ashra\source\repos\project2\project2\treetest.cpp(357): warning C4305: 'argument': truncation from 'double' to 'GLfloat'
c:\users\ashra\source\repos\project2\project2\treetest.cpp(363): warning C4305: 'argument': truncation from 'double' to 'GLfloat'
c:\users\ashra\source\repos\project2\project2\treetest.cpp(369): warning C4305: 'argument': truncation from 'double' to 'GLfloat'
c:\users\ashra\source\repos\project2\project2\treetest.cpp(380): warning C4305: 'argument': truncation from 'double' to 'GLfloat'
c:\users\ashra\source\repos\project2\project2\treetest.cpp(410): warning C4244: 'argument': conversion from 'double' to 'GLfloat', possible loss of data
c:\users\ashra\source\repos\project2\project2\treetest.cpp(420): warning C4305: 'argument': truncation from 'double' to 'GLfloat'
c:\users\ashra\source\repos\project2\project2\treetest.cpp(424): warning C4305: 'argument': truncation from 'double' to 'GLfloat'
c:\users\ashra\source\repos\project2\project2\treetest.cpp(425): warning C4305: 'argument': truncation from 'double' to 'GLfloat'
c:\users\ashra\source\repos\project2\project2\treetest.cpp(429): warning C4305: 'argument': truncation from 'double' to 'GLfloat'
c:\users\ashra\source\repos\project2\project2\treetest.cpp(430): warning C4305: 'argument': truncation from 'double' to 'GLfloat'
c:\users\ashra\source\repos\project2\project2\treetest.cpp(434): warning C4305: 'argument': truncation from 'double' to 'GLfloat'
c:\users\ashra\source\repos\project2\project2\treetest.cpp(435): warning C4305: 'argument': truncation from 'double' to 'GLfloat'
c:\users\ashra\source\repos\project2\project2\treetest.cpp(439): warning C4305: 'argument': truncation from 'double' to 'GLfloat'
c:\users\ashra\source\repos\project2\project2\treetest.cpp(440): warning C4305: 'argument': truncation from 'double' to 'GLfloat'
c:\users\ashra\source\repos\project2\project2\treetest.cpp(477): warning C4244: 'initializing': conversion from 'double' to 'float', possible loss of data
c:\users\ashra\source\repos\project2\project2\treetest.cpp(478): warning C4305: 'initializing': truncation from 'double' to 'float'
c:\users\ashra\source\repos\project2\project2\treetest.cpp(479): warning C4305: 'initializing': truncation from 'double' to 'float'
c:\users\ashra\source\repos\project2\project2\treetest.cpp(480): warning C4244: 'initializing': conversion from 'double' to 'float', possible loss of data
c:\users\ashra\source\repos\project2\project2\treetest.cpp(491): warning C4305: 'argument': truncation from 'double' to 'GLfloat'
c:\users\ashra\source\repos\project2\project2\treetest.cpp(494): warning C4305: 'argument': truncation from 'double' to 'GLfloat'
c:\users\ashra\source\repos\project2\project2\treetest.cpp(497): warning C4305: 'argument': truncation from 'double' to 'GLfloat'
c:\users\ashra\source\repos\project2\project2\treetest.cpp(500): warning C4305: 'argument': truncation from 'double' to 'GLfloat'
c:\users\ashra\source\repos\project2\project2\treetest.cpp(505): warning C4305: '=': truncation from 'double' to 'float'
c:\users\ashra\source\repos\project2\project2\treetest.cpp(513): warning C4305: 'argument': truncation from 'double' to 'GLfloat'
c:\users\ashra\source\repos\project2\project2\treetest.cpp(534): warning C4305: 'argument': truncation from 'double' to 'GLfloat'
c:\users\ashra\source\repos\project2\project2\treetest.cpp(544): warning C4101: 'i': unreferenced local variable
c:\users\ashra\source\repos\project2\project2\treetest.cpp(565): warning C4305: 'argument': truncation from 'double' to 'float'
c:\users\ashra\source\repos\project2\project2\treetest.cpp(567): warning C4305: 'argument': truncation from 'double' to 'float'
c:\users\ashra\source\repos\project2\project2\treetest.cpp(569): warning C4305: 'argument': truncation from 'double' to 'float'
c:\users\ashra\source\repos\project2\project2\treetest.cpp(592): warning C4244: '=': conversion from 'double' to 'float', possible loss of data
c:\users\ashra\source\repos\project2\project2\treetest.cpp(598): warning C4244: '=': conversion from 'double' to 'float', possible loss of data
c:\users\ashra\source\repos\project2\project2\treetest.cpp(668): error C2374: 'quadric': redefinition; multiple initialization
  c:\users\ashra\source\repos\project2\project2\treetest.cpp(661): note: see declaration of 'quadric'
c:\users\ashra\source\repos\project2\project2\treetest.cpp(715): warning C4244: '=': conversion from 'double' to 'float', possible loss of data
c:\users\ashra\source\repos\project2\project2\treetest.cpp(718): warning C4244: '=': conversion from 'double' to 'float', possible loss of data
c:\users\ashra\source\repos\project2\project2\treetest.cpp(794): warning C4305: '=': truncation from 'double' to 'float'
c:\users\ashra\source\repos\project2\project2\treetest.cpp(795): warning C4305: '=': truncation from 'double' to 'float'
c:\users\ashra\source\repos\project2\project2\treetest.cpp(796): warning C4305: '=': truncation from 'double' to 'float'
